{"numTotalTestSuites":81,"numPassedTestSuites":81,"numFailedTestSuites":0,"numPendingTestSuites":0,"numTotalTests":278,"numPassedTests":278,"numFailedTests":0,"numPendingTests":0,"numTodoTests":0,"snapshot":{"added":0,"failure":false,"filesAdded":0,"filesRemoved":0,"filesRemovedList":[],"filesUnmatched":0,"filesUpdated":0,"matched":0,"total":0,"unchecked":0,"uncheckedKeysByFile":[],"unmatched":0,"updated":0,"didUpdate":false},"startTime":1772209800839,"success":true,"testResults":[{"assertionResults":[{"ancestorTitles":["API: /api/auth/create-user"],"fullName":"API: /api/auth/create-user should return 400 when email is missing","status":"passed","title":"should return 400 when email is missing","duration":24.89514500000007,"failureMessages":[],"meta":{}},{"ancestorTitles":["API: /api/auth/create-user"],"fullName":"API: /api/auth/create-user should return 400 when password is missing","status":"passed","title":"should return 400 when password is missing","duration":1.8103580000000647,"failureMessages":[],"meta":{}},{"ancestorTitles":["API: /api/auth/create-user"],"fullName":"API: /api/auth/create-user should return 400 when password is too short","status":"passed","title":"should return 400 when password is too short","duration":1.7056630000000723,"failureMessages":[],"meta":{}},{"ancestorTitles":["API: /api/auth/create-user"],"fullName":"API: /api/auth/create-user should return 400 for invalid email format","status":"passed","title":"should return 400 for invalid email format","duration":1.5697890000000143,"failureMessages":[],"meta":{}},{"ancestorTitles":["API: /api/auth/create-user"],"fullName":"API: /api/auth/create-user should successfully create a user with valid input","status":"passed","title":"should successfully create a user with valid input","duration":2.8290199999999004,"failureMessages":[],"meta":{}},{"ancestorTitles":["API: /api/mpesa"],"fullName":"API: /api/mpesa should return 400 when phone is missing","status":"passed","title":"should return 400 when phone is missing","duration":23.639175000000023,"failureMessages":[],"meta":{}},{"ancestorTitles":["API: /api/mpesa"],"fullName":"API: /api/mpesa should return 400 when amount is missing","status":"passed","title":"should return 400 when amount is missing","duration":0.6363119999999753,"failureMessages":[],"meta":{}},{"ancestorTitles":["API: /api/mpesa"],"fullName":"API: /api/mpesa should return 400 when match action has no amount","status":"passed","title":"should return 400 when match action has no amount","duration":0.6145750000000589,"failureMessages":[],"meta":{}},{"ancestorTitles":["API: /api/mpesa/settings"],"fullName":"API: /api/mpesa/settings should return 400 when settings object is missing (POST)","status":"passed","title":"should return 400 when settings object is missing (POST)","duration":9.163635,"failureMessages":[],"meta":{}},{"ancestorTitles":["API: /api/mpesa/settings"],"fullName":"API: /api/mpesa/settings should return success for GET request","status":"passed","title":"should return success for GET request","duration":0.8867279999999482,"failureMessages":[],"meta":{}},{"ancestorTitles":["API: /api/distance"],"fullName":"API: /api/distance should return 400 when origin is missing","status":"passed","title":"should return 400 when origin is missing","duration":6.3468540000000075,"failureMessages":[],"meta":{}},{"ancestorTitles":["API: /api/distance"],"fullName":"API: /api/distance should return 400 when destination is missing","status":"passed","title":"should return 400 when destination is missing","duration":0.40085099999998874,"failureMessages":[],"meta":{}},{"ancestorTitles":["API: /api/mpesa/callback"],"fullName":"API: /api/mpesa/callback should handle empty body gracefully","status":"passed","title":"should handle empty body gracefully","duration":8.173865999999975,"failureMessages":[],"meta":{}},{"ancestorTitles":["API: /api/mpesa/callback"],"fullName":"API: /api/mpesa/callback should handle invalid JSON body gracefully","status":"passed","title":"should handle invalid JSON body gracefully","duration":0.7117470000000594,"failureMessages":[],"meta":{}},{"ancestorTitles":["API: /api/mpesa/callback"],"fullName":"API: /api/mpesa/callback should handle successful payment callback","status":"passed","title":"should handle successful payment callback","duration":1.2164050000000088,"failureMessages":[],"meta":{}},{"ancestorTitles":["API: /api/mpesa/callback"],"fullName":"API: /api/mpesa/callback should handle failed payment callback","status":"passed","title":"should handle failed payment callback","duration":0.7755050000000665,"failureMessages":[],"meta":{}}],"startTime":1772209801630,"endTime":1772209801716.7754,"status":"passed","message":"","name":"/opt/build/repo/tests/api-routes.test.ts"},{"assertionResults":[{"ancestorTitles":["Audit Logger"],"fullName":"Audit Logger should log an audit entry with user info","status":"passed","title":"should log an audit entry with user info","duration":30.698684999999955,"failureMessages":[],"meta":{}},{"ancestorTitles":["Audit Logger"],"fullName":"Audit Logger should log with \"System\" when no user is authenticated","status":"passed","title":"should log with \"System\" when no user is authenticated","duration":0.4570840000000089,"failureMessages":[],"meta":{}},{"ancestorTitles":["Audit Logger"],"fullName":"Audit Logger should handle insert errors gracefully (fire-and-forget)","status":"passed","title":"should handle insert errors gracefully (fire-and-forget)","duration":1.3982140000000527,"failureMessages":[],"meta":{}},{"ancestorTitles":["Audit Logger"],"fullName":"Audit Logger should handle auth errors gracefully","status":"passed","title":"should handle auth errors gracefully","duration":0.6745240000000194,"failureMessages":[],"meta":{}},{"ancestorTitles":["Audit Logger"],"fullName":"Audit Logger should use email prefix as name when full_name is not set","status":"passed","title":"should use email prefix as name when full_name is not set","duration":0.5082310000000234,"failureMessages":[],"meta":{}},{"ancestorTitles":["Audit Logger"],"fullName":"Audit Logger should support all audit action types","status":"passed","title":"should support all audit action types","duration":0.2874219999999923,"failureMessages":[],"meta":{}}],"startTime":1772209802999,"endTime":1772209803033.2874,"status":"passed","message":"","name":"/opt/build/repo/tests/audit-logger.test.ts"},{"assertionResults":[{"ancestorTitles":["Cart Context"],"fullName":"Cart Context should start with empty cart","status":"passed","title":"should start with empty cart","duration":12.828466999999932,"failureMessages":[],"meta":{}},{"ancestorTitles":["Cart Context","addItem"],"fullName":"Cart Context addItem should add an item to the cart","status":"passed","title":"should add an item to the cart","duration":3.881654000000026,"failureMessages":[],"meta":{}},{"ancestorTitles":["Cart Context","addItem"],"fullName":"Cart Context addItem should increment quantity when adding same item twice","status":"passed","title":"should increment quantity when adding same item twice","duration":3.2696600000000444,"failureMessages":[],"meta":{}},{"ancestorTitles":["Cart Context","addItem"],"fullName":"Cart Context addItem should add multiple different items","status":"passed","title":"should add multiple different items","duration":2.0994680000000017,"failureMessages":[],"meta":{}},{"ancestorTitles":["Cart Context","addItem"],"fullName":"Cart Context addItem should open cart when item is added","status":"passed","title":"should open cart when item is added","duration":1.7853169999999636,"failureMessages":[],"meta":{}},{"ancestorTitles":["Cart Context","removeItem"],"fullName":"Cart Context removeItem should remove an item from the cart","status":"passed","title":"should remove an item from the cart","duration":1.4649530000000368,"failureMessages":[],"meta":{}},{"ancestorTitles":["Cart Context","removeItem"],"fullName":"Cart Context removeItem should handle removing non-existent item gracefully","status":"passed","title":"should handle removing non-existent item gracefully","duration":1.42025000000001,"failureMessages":[],"meta":{}},{"ancestorTitles":["Cart Context","updateQty"],"fullName":"Cart Context updateQty should update item quantity","status":"passed","title":"should update item quantity","duration":1.3132970000000341,"failureMessages":[],"meta":{}},{"ancestorTitles":["Cart Context","updateQty"],"fullName":"Cart Context updateQty should remove item when quantity is set to 0","status":"passed","title":"should remove item when quantity is set to 0","duration":1.8165920000000142,"failureMessages":[],"meta":{}},{"ancestorTitles":["Cart Context","updateQty"],"fullName":"Cart Context updateQty should remove item when quantity is negative","status":"passed","title":"should remove item when quantity is negative","duration":1.4088420000000497,"failureMessages":[],"meta":{}},{"ancestorTitles":["Cart Context","clearCart"],"fullName":"Cart Context clearCart should remove all items from the cart","status":"passed","title":"should remove all items from the cart","duration":1.2421749999999747,"failureMessages":[],"meta":{}},{"ancestorTitles":["Cart Context","Cart Calculations"],"fullName":"Cart Context Cart Calculations should calculate correct total with mixed quantities","status":"passed","title":"should calculate correct total with mixed quantities","duration":1.0749369999999772,"failureMessages":[],"meta":{}},{"ancestorTitles":["Cart Context","Cart Visibility"],"fullName":"Cart Context Cart Visibility should open and close cart","status":"passed","title":"should open and close cart","duration":0.9860509999999749,"failureMessages":[],"meta":{}},{"ancestorTitles":["Cart Context","Error Handling"],"fullName":"Cart Context Error Handling should throw when useCart is used outside CartProvider","status":"passed","title":"should throw when useCart is used outside CartProvider","duration":4.294434000000024,"failureMessages":[],"meta":{}}],"startTime":1772209802383,"endTime":1772209802422.2944,"status":"passed","message":"","name":"/opt/build/repo/tests/cart-context.test.tsx"},{"assertionResults":[{"ancestorTitles":["db-utils","toSnake"],"fullName":"db-utils toSnake should convert camelCase keys to snake_case","status":"passed","title":"should convert camelCase keys to snake_case","duration":1.1681559999999536,"failureMessages":[],"meta":{}},{"ancestorTitles":["db-utils","toSnake"],"fullName":"db-utils toSnake should handle single-word keys (no conversion needed)","status":"passed","title":"should handle single-word keys (no conversion needed)","duration":0.15761800000007042,"failureMessages":[],"meta":{}},{"ancestorTitles":["db-utils","toSnake"],"fullName":"db-utils toSnake should handle empty object","status":"passed","title":"should handle empty object","duration":0.0875260000000253,"failureMessages":[],"meta":{}},{"ancestorTitles":["db-utils","toSnake"],"fullName":"db-utils toSnake should handle keys with multiple uppercase letters","status":"passed","title":"should handle keys with multiple uppercase letters","duration":0.2606509999999389,"failureMessages":[],"meta":{}},{"ancestorTitles":["db-utils","toSnake"],"fullName":"db-utils toSnake should preserve values of different types","status":"passed","title":"should preserve values of different types","duration":0.36873500000001513,"failureMessages":[],"meta":{}},{"ancestorTitles":["db-utils","toSnake"],"fullName":"db-utils toSnake should handle consecutive uppercase letters","status":"passed","title":"should handle consecutive uppercase letters","duration":0.19941400000004705,"failureMessages":[],"meta":{}},{"ancestorTitles":["db-utils","toCamel"],"fullName":"db-utils toCamel should convert snake_case keys to camelCase","status":"passed","title":"should convert snake_case keys to camelCase","duration":0.2360599999999522,"failureMessages":[],"meta":{}},{"ancestorTitles":["db-utils","toCamel"],"fullName":"db-utils toCamel should handle single-word keys (no conversion needed)","status":"passed","title":"should handle single-word keys (no conversion needed)","duration":0.09766000000001895,"failureMessages":[],"meta":{}},{"ancestorTitles":["db-utils","toCamel"],"fullName":"db-utils toCamel should handle empty object","status":"passed","title":"should handle empty object","duration":0.22852199999999812,"failureMessages":[],"meta":{}},{"ancestorTitles":["db-utils","toCamel"],"fullName":"db-utils toCamel should handle database-style keys","status":"passed","title":"should handle database-style keys","duration":0.16716500000006818,"failureMessages":[],"meta":{}},{"ancestorTitles":["db-utils","toCamel"],"fullName":"db-utils toCamel should preserve values of different types","status":"passed","title":"should preserve values of different types","duration":0.12735300000008465,"failureMessages":[],"meta":{}},{"ancestorTitles":["db-utils","toSnake <-> toCamel roundtrip"],"fullName":"db-utils toSnake <-> toCamel roundtrip should roundtrip camelCase -> snake_case -> camelCase","status":"passed","title":"should roundtrip camelCase -> snake_case -> camelCase","duration":0.07856300000003102,"failureMessages":[],"meta":{}},{"ancestorTitles":["db-utils","toSnake <-> toCamel roundtrip"],"fullName":"db-utils toSnake <-> toCamel roundtrip should roundtrip snake_case -> camelCase -> snake_case","status":"passed","title":"should roundtrip snake_case -> camelCase -> snake_case","duration":0.06626800000003641,"failureMessages":[],"meta":{}},{"ancestorTitles":["db-utils","mapFromDb"],"fullName":"db-utils mapFromDb should convert array of snake_case rows to camelCase","status":"passed","title":"should convert array of snake_case rows to camelCase","duration":0.11424799999997504,"failureMessages":[],"meta":{}},{"ancestorTitles":["db-utils","mapFromDb"],"fullName":"db-utils mapFromDb should handle empty array","status":"passed","title":"should handle empty array","duration":0.050116000000002714,"failureMessages":[],"meta":{}},{"ancestorTitles":["db-utils","mapFromDb"],"fullName":"db-utils mapFromDb should handle single-item array","status":"passed","title":"should handle single-item array","duration":0.0655420000000504,"failureMessages":[],"meta":{}},{"ancestorTitles":["db-utils","mapToDb"],"fullName":"db-utils mapToDb should convert camelCase to snake_case and exclude default keys","status":"passed","title":"should convert camelCase to snake_case and exclude default keys","duration":0.4793490000000702,"failureMessages":[],"meta":{}},{"ancestorTitles":["db-utils","mapToDb"],"fullName":"db-utils mapToDb should exclude custom keys","status":"passed","title":"should exclude custom keys","duration":0.08825400000000627,"failureMessages":[],"meta":{}},{"ancestorTitles":["db-utils","mapToDb"],"fullName":"db-utils mapToDb should exclude undefined values","status":"passed","title":"should exclude undefined values","duration":0.0903569999999263,"failureMessages":[],"meta":{}},{"ancestorTitles":["db-utils","mapToDb"],"fullName":"db-utils mapToDb should handle empty object","status":"passed","title":"should handle empty object","duration":0.05046700000002602,"failureMessages":[],"meta":{}},{"ancestorTitles":["db-utils","mapToDb"],"fullName":"db-utils mapToDb should keep null values (only exclude undefined)","status":"passed","title":"should keep null values (only exclude undefined)","duration":0.06289300000003095,"failureMessages":[],"meta":{}}],"startTime":1772209803071,"endTime":1772209803076.0903,"status":"passed","message":"","name":"/opt/build/repo/tests/db-utils.test.ts"},{"assertionResults":[{"ancestorTitles":["Module CRUD Schema Validation","Module: recipes (table: recipes)"],"fullName":"Module CRUD Schema Validation Module: recipes (table: recipes) should have a defined schema with fields","status":"passed","title":"should have a defined schema with fields","duration":1.0133830000000899,"failureMessages":[],"meta":{}},{"ancestorTitles":["Module CRUD Schema Validation","Module: recipes (table: recipes)"],"fullName":"Module CRUD Schema Validation Module: recipes (table: recipes) should have sample data available","status":"passed","title":"should have sample data available","duration":0.1306049999999459,"failureMessages":[],"meta":{}},{"ancestorTitles":["Module CRUD Schema Validation","Module: recipes (table: recipes)"],"fullName":"Module CRUD Schema Validation Module: recipes (table: recipes) sample data should satisfy all required fields","status":"passed","title":"sample data should satisfy all required fields","duration":0.2817129999999679,"failureMessages":[],"meta":{}},{"ancestorTitles":["Module CRUD Schema Validation","Module: recipes (table: recipes)"],"fullName":"Module CRUD Schema Validation Module: recipes (table: recipes) sample data fields should have correct types","status":"passed","title":"sample data fields should have correct types","duration":0.3325370000000021,"failureMessages":[],"meta":{}},{"ancestorTitles":["Module CRUD Schema Validation","Module: recipes (table: recipes)"],"fullName":"Module CRUD Schema Validation Module: recipes (table: recipes) CREATE: should fail validation when required fields are missing","status":"passed","title":"CREATE: should fail validation when required fields are missing","duration":0.122820000000047,"failureMessages":[],"meta":{}},{"ancestorTitles":["Module CRUD Schema Validation","Module: recipes (table: recipes)"],"fullName":"Module CRUD Schema Validation Module: recipes (table: recipes) READ: schema fields should have consistent naming (snake_case)","status":"passed","title":"READ: schema fields should have consistent naming (snake_case)","duration":0.19472399999995105,"failureMessages":[],"meta":{}},{"ancestorTitles":["Module CRUD Schema Validation","Module: recipes (table: recipes)"],"fullName":"Module CRUD Schema Validation Module: recipes (table: recipes) UPDATE: partial data should be valid (not all fields required)","status":"passed","title":"UPDATE: partial data should be valid (not all fields required)","duration":0.11854200000004766,"failureMessages":[],"meta":{}},{"ancestorTitles":["Module CRUD Schema Validation","Module: inventory (table: inventory_items)"],"fullName":"Module CRUD Schema Validation Module: inventory (table: inventory_items) should have a defined schema with fields","status":"passed","title":"should have a defined schema with fields","duration":0.08646199999998316,"failureMessages":[],"meta":{}},{"ancestorTitles":["Module CRUD Schema Validation","Module: inventory (table: inventory_items)"],"fullName":"Module CRUD Schema Validation Module: inventory (table: inventory_items) should have sample data available","status":"passed","title":"should have sample data available","duration":0.16756999999995514,"failureMessages":[],"meta":{}},{"ancestorTitles":["Module CRUD Schema Validation","Module: inventory (table: inventory_items)"],"fullName":"Module CRUD Schema Validation Module: inventory (table: inventory_items) sample data should satisfy all required fields","status":"passed","title":"sample data should satisfy all required fields","duration":0.19344100000000708,"failureMessages":[],"meta":{}},{"ancestorTitles":["Module CRUD Schema Validation","Module: inventory (table: inventory_items)"],"fullName":"Module CRUD Schema Validation Module: inventory (table: inventory_items) sample data fields should have correct types","status":"passed","title":"sample data fields should have correct types","duration":0.09397500000000036,"failureMessages":[],"meta":{}},{"ancestorTitles":["Module CRUD Schema Validation","Module: inventory (table: inventory_items)"],"fullName":"Module CRUD Schema Validation Module: inventory (table: inventory_items) CREATE: should fail validation when required fields are missing","status":"passed","title":"CREATE: should fail validation when required fields are missing","duration":0.033049000000005435,"failureMessages":[],"meta":{}},{"ancestorTitles":["Module CRUD Schema Validation","Module: inventory (table: inventory_items)"],"fullName":"Module CRUD Schema Validation Module: inventory (table: inventory_items) READ: schema fields should have consistent naming (snake_case)","status":"passed","title":"READ: schema fields should have consistent naming (snake_case)","duration":0.08968899999990754,"failureMessages":[],"meta":{}},{"ancestorTitles":["Module CRUD Schema Validation","Module: inventory (table: inventory_items)"],"fullName":"Module CRUD Schema Validation Module: inventory (table: inventory_items) UPDATE: partial data should be valid (not all fields required)","status":"passed","title":"UPDATE: partial data should be valid (not all fields required)","duration":0.031245000000012624,"failureMessages":[],"meta":{}},{"ancestorTitles":["Module CRUD Schema Validation","Module: orders (table: orders)"],"fullName":"Module CRUD Schema Validation Module: orders (table: orders) should have a defined schema with fields","status":"passed","title":"should have a defined schema with fields","duration":0.0484679999999571,"failureMessages":[],"meta":{}},{"ancestorTitles":["Module CRUD Schema Validation","Module: orders (table: orders)"],"fullName":"Module CRUD Schema Validation Module: orders (table: orders) should have sample data available","status":"passed","title":"should have sample data available","duration":0.029760000000010223,"failureMessages":[],"meta":{}},{"ancestorTitles":["Module CRUD Schema Validation","Module: orders (table: orders)"],"fullName":"Module CRUD Schema Validation Module: orders (table: orders) sample data should satisfy all required fields","status":"passed","title":"sample data should satisfy all required fields","duration":0.1845260000000053,"failureMessages":[],"meta":{}},{"ancestorTitles":["Module CRUD Schema Validation","Module: orders (table: orders)"],"fullName":"Module CRUD Schema Validation Module: orders (table: orders) sample data fields should have correct types","status":"passed","title":"sample data fields should have correct types","duration":0.0651509999999007,"failureMessages":[],"meta":{}},{"ancestorTitles":["Module CRUD Schema Validation","Module: orders (table: orders)"],"fullName":"Module CRUD Schema Validation Module: orders (table: orders) CREATE: should fail validation when required fields are missing","status":"passed","title":"CREATE: should fail validation when required fields are missing","duration":0.02873299999998835,"failureMessages":[],"meta":{}},{"ancestorTitles":["Module CRUD Schema Validation","Module: orders (table: orders)"],"fullName":"Module CRUD Schema Validation Module: orders (table: orders) READ: schema fields should have consistent naming (snake_case)","status":"passed","title":"READ: schema fields should have consistent naming (snake_case)","duration":0.062190000000100554,"failureMessages":[],"meta":{}},{"ancestorTitles":["Module CRUD Schema Validation","Module: orders (table: orders)"],"fullName":"Module CRUD Schema Validation Module: orders (table: orders) UPDATE: partial data should be valid (not all fields required)","status":"passed","title":"UPDATE: partial data should be valid (not all fields required)","duration":0.030494999999973516,"failureMessages":[],"meta":{}},{"ancestorTitles":["Module CRUD Schema Validation","Module: customers (table: customers)"],"fullName":"Module CRUD Schema Validation Module: customers (table: customers) should have a defined schema with fields","status":"passed","title":"should have a defined schema with fields","duration":0.0439689999999473,"failureMessages":[],"meta":{}},{"ancestorTitles":["Module CRUD Schema Validation","Module: customers (table: customers)"],"fullName":"Module CRUD Schema Validation Module: customers (table: customers) should have sample data available","status":"passed","title":"should have sample data available","duration":0.028155999999967207,"failureMessages":[],"meta":{}},{"ancestorTitles":["Module CRUD Schema Validation","Module: customers (table: customers)"],"fullName":"Module CRUD Schema Validation Module: customers (table: customers) sample data should satisfy all required fields","status":"passed","title":"sample data should satisfy all required fields","duration":0.05880200000001423,"failureMessages":[],"meta":{}},{"ancestorTitles":["Module CRUD Schema Validation","Module: customers (table: customers)"],"fullName":"Module CRUD Schema Validation Module: customers (table: customers) sample data fields should have correct types","status":"passed","title":"sample data fields should have correct types","duration":0.06261299999994208,"failureMessages":[],"meta":{}},{"ancestorTitles":["Module CRUD Schema Validation","Module: customers (table: customers)"],"fullName":"Module CRUD Schema Validation Module: customers (table: customers) CREATE: should fail validation when required fields are missing","status":"passed","title":"CREATE: should fail validation when required fields are missing","duration":0.027760000000057516,"failureMessages":[],"meta":{}},{"ancestorTitles":["Module CRUD Schema Validation","Module: customers (table: customers)"],"fullName":"Module CRUD Schema Validation Module: customers (table: customers) READ: schema fields should have consistent naming (snake_case)","status":"passed","title":"READ: schema fields should have consistent naming (snake_case)","duration":0.08202099999994061,"failureMessages":[],"meta":{}},{"ancestorTitles":["Module CRUD Schema Validation","Module: customers (table: customers)"],"fullName":"Module CRUD Schema Validation Module: customers (table: customers) UPDATE: partial data should be valid (not all fields required)","status":"passed","title":"UPDATE: partial data should be valid (not all fields required)","duration":0.030397999999991043,"failureMessages":[],"meta":{}},{"ancestorTitles":["Module CRUD Schema Validation","Module: employees (table: employees)"],"fullName":"Module CRUD Schema Validation Module: employees (table: employees) should have a defined schema with fields","status":"passed","title":"should have a defined schema with fields","duration":0.042248000000085995,"failureMessages":[],"meta":{}},{"ancestorTitles":["Module CRUD Schema Validation","Module: employees (table: employees)"],"fullName":"Module CRUD Schema Validation Module: employees (table: employees) should have sample data available","status":"passed","title":"should have sample data available","duration":0.026920000000018263,"failureMessages":[],"meta":{}},{"ancestorTitles":["Module CRUD Schema Validation","Module: employees (table: employees)"],"fullName":"Module CRUD Schema Validation Module: employees (table: employees) sample data should satisfy all required fields","status":"passed","title":"sample data should satisfy all required fields","duration":0.1912049999999681,"failureMessages":[],"meta":{}},{"ancestorTitles":["Module CRUD Schema Validation","Module: employees (table: employees)"],"fullName":"Module CRUD Schema Validation Module: employees (table: employees) sample data fields should have correct types","status":"passed","title":"sample data fields should have correct types","duration":0.06436700000006113,"failureMessages":[],"meta":{}},{"ancestorTitles":["Module CRUD Schema Validation","Module: employees (table: employees)"],"fullName":"Module CRUD Schema Validation Module: employees (table: employees) CREATE: should fail validation when required fields are missing","status":"passed","title":"CREATE: should fail validation when required fields are missing","duration":0.030571000000009008,"failureMessages":[],"meta":{}},{"ancestorTitles":["Module CRUD Schema Validation","Module: employees (table: employees)"],"fullName":"Module CRUD Schema Validation Module: employees (table: employees) READ: schema fields should have consistent naming (snake_case)","status":"passed","title":"READ: schema fields should have consistent naming (snake_case)","duration":0.07006300000000465,"failureMessages":[],"meta":{}},{"ancestorTitles":["Module CRUD Schema Validation","Module: employees (table: employees)"],"fullName":"Module CRUD Schema Validation Module: employees (table: employees) UPDATE: partial data should be valid (not all fields required)","status":"passed","title":"UPDATE: partial data should be valid (not all fields required)","duration":0.03265699999997196,"failureMessages":[],"meta":{}},{"ancestorTitles":["Module CRUD Schema Validation","Module: production (table: production_runs)"],"fullName":"Module CRUD Schema Validation Module: production (table: production_runs) should have a defined schema with fields","status":"passed","title":"should have a defined schema with fields","duration":0.04888000000005377,"failureMessages":[],"meta":{}},{"ancestorTitles":["Module CRUD Schema Validation","Module: production (table: production_runs)"],"fullName":"Module CRUD Schema Validation Module: production (table: production_runs) should have sample data available","status":"passed","title":"should have sample data available","duration":0.027910000000019863,"failureMessages":[],"meta":{}},{"ancestorTitles":["Module CRUD Schema Validation","Module: production (table: production_runs)"],"fullName":"Module CRUD Schema Validation Module: production (table: production_runs) sample data should satisfy all required fields","status":"passed","title":"sample data should satisfy all required fields","duration":0.13704900000004727,"failureMessages":[],"meta":{}},{"ancestorTitles":["Module CRUD Schema Validation","Module: production (table: production_runs)"],"fullName":"Module CRUD Schema Validation Module: production (table: production_runs) sample data fields should have correct types","status":"passed","title":"sample data fields should have correct types","duration":0.08786200000008648,"failureMessages":[],"meta":{}},{"ancestorTitles":["Module CRUD Schema Validation","Module: production (table: production_runs)"],"fullName":"Module CRUD Schema Validation Module: production (table: production_runs) CREATE: should fail validation when required fields are missing","status":"passed","title":"CREATE: should fail validation when required fields are missing","duration":0.030833000000029642,"failureMessages":[],"meta":{}},{"ancestorTitles":["Module CRUD Schema Validation","Module: production (table: production_runs)"],"fullName":"Module CRUD Schema Validation Module: production (table: production_runs) READ: schema fields should have consistent naming (snake_case)","status":"passed","title":"READ: schema fields should have consistent naming (snake_case)","duration":0.8195759999999837,"failureMessages":[],"meta":{}},{"ancestorTitles":["Module CRUD Schema Validation","Module: production (table: production_runs)"],"fullName":"Module CRUD Schema Validation Module: production (table: production_runs) UPDATE: partial data should be valid (not all fields required)","status":"passed","title":"UPDATE: partial data should be valid (not all fields required)","duration":0.10572700000000168,"failureMessages":[],"meta":{}},{"ancestorTitles":["Module CRUD Schema Validation","Module: pricing (table: pricing_tiers)"],"fullName":"Module CRUD Schema Validation Module: pricing (table: pricing_tiers) should have a defined schema with fields","status":"passed","title":"should have a defined schema with fields","duration":0.06240500000001248,"failureMessages":[],"meta":{}},{"ancestorTitles":["Module CRUD Schema Validation","Module: pricing (table: pricing_tiers)"],"fullName":"Module CRUD Schema Validation Module: pricing (table: pricing_tiers) should have sample data available","status":"passed","title":"should have sample data available","duration":0.0402360000000499,"failureMessages":[],"meta":{}},{"ancestorTitles":["Module CRUD Schema Validation","Module: pricing (table: pricing_tiers)"],"fullName":"Module CRUD Schema Validation Module: pricing (table: pricing_tiers) sample data should satisfy all required fields","status":"passed","title":"sample data should satisfy all required fields","duration":0.153020999999967,"failureMessages":[],"meta":{}},{"ancestorTitles":["Module CRUD Schema Validation","Module: pricing (table: pricing_tiers)"],"fullName":"Module CRUD Schema Validation Module: pricing (table: pricing_tiers) sample data fields should have correct types","status":"passed","title":"sample data fields should have correct types","duration":0.045995000000061737,"failureMessages":[],"meta":{}},{"ancestorTitles":["Module CRUD Schema Validation","Module: pricing (table: pricing_tiers)"],"fullName":"Module CRUD Schema Validation Module: pricing (table: pricing_tiers) CREATE: should fail validation when required fields are missing","status":"passed","title":"CREATE: should fail validation when required fields are missing","duration":0.02749000000005708,"failureMessages":[],"meta":{}},{"ancestorTitles":["Module CRUD Schema Validation","Module: pricing (table: pricing_tiers)"],"fullName":"Module CRUD Schema Validation Module: pricing (table: pricing_tiers) READ: schema fields should have consistent naming (snake_case)","status":"passed","title":"READ: schema fields should have consistent naming (snake_case)","duration":0.0428229999999985,"failureMessages":[],"meta":{}},{"ancestorTitles":["Module CRUD Schema Validation","Module: pricing (table: pricing_tiers)"],"fullName":"Module CRUD Schema Validation Module: pricing (table: pricing_tiers) UPDATE: partial data should be valid (not all fields required)","status":"passed","title":"UPDATE: partial data should be valid (not all fields required)","duration":0.029178000000001703,"failureMessages":[],"meta":{}},{"ancestorTitles":["Module CRUD Schema Validation","Module: expenses (table: expenses)"],"fullName":"Module CRUD Schema Validation Module: expenses (table: expenses) should have a defined schema with fields","status":"passed","title":"should have a defined schema with fields","duration":0.03669600000000628,"failureMessages":[],"meta":{}},{"ancestorTitles":["Module CRUD Schema Validation","Module: expenses (table: expenses)"],"fullName":"Module CRUD Schema Validation Module: expenses (table: expenses) should have sample data available","status":"passed","title":"should have sample data available","duration":0.025840000000016516,"failureMessages":[],"meta":{}},{"ancestorTitles":["Module CRUD Schema Validation","Module: expenses (table: expenses)"],"fullName":"Module CRUD Schema Validation Module: expenses (table: expenses) sample data should satisfy all required fields","status":"passed","title":"sample data should satisfy all required fields","duration":0.13184100000000853,"failureMessages":[],"meta":{}},{"ancestorTitles":["Module CRUD Schema Validation","Module: expenses (table: expenses)"],"fullName":"Module CRUD Schema Validation Module: expenses (table: expenses) sample data fields should have correct types","status":"passed","title":"sample data fields should have correct types","duration":0.05020999999999276,"failureMessages":[],"meta":{}},{"ancestorTitles":["Module CRUD Schema Validation","Module: expenses (table: expenses)"],"fullName":"Module CRUD Schema Validation Module: expenses (table: expenses) CREATE: should fail validation when required fields are missing","status":"passed","title":"CREATE: should fail validation when required fields are missing","duration":0.02560300000004645,"failureMessages":[],"meta":{}},{"ancestorTitles":["Module CRUD Schema Validation","Module: expenses (table: expenses)"],"fullName":"Module CRUD Schema Validation Module: expenses (table: expenses) READ: schema fields should have consistent naming (snake_case)","status":"passed","title":"READ: schema fields should have consistent naming (snake_case)","duration":0.04856599999993705,"failureMessages":[],"meta":{}},{"ancestorTitles":["Module CRUD Schema Validation","Module: expenses (table: expenses)"],"fullName":"Module CRUD Schema Validation Module: expenses (table: expenses) UPDATE: partial data should be valid (not all fields required)","status":"passed","title":"UPDATE: partial data should be valid (not all fields required)","duration":0.03351899999995567,"failureMessages":[],"meta":{}},{"ancestorTitles":["Module CRUD Schema Validation","Module: debtors (table: debtors)"],"fullName":"Module CRUD Schema Validation Module: debtors (table: debtors) should have a defined schema with fields","status":"passed","title":"should have a defined schema with fields","duration":0.037336999999979525,"failureMessages":[],"meta":{}},{"ancestorTitles":["Module CRUD Schema Validation","Module: debtors (table: debtors)"],"fullName":"Module CRUD Schema Validation Module: debtors (table: debtors) should have sample data available","status":"passed","title":"should have sample data available","duration":0.025339999999914653,"failureMessages":[],"meta":{}},{"ancestorTitles":["Module CRUD Schema Validation","Module: debtors (table: debtors)"],"fullName":"Module CRUD Schema Validation Module: debtors (table: debtors) sample data should satisfy all required fields","status":"passed","title":"sample data should satisfy all required fields","duration":0.07226199999990968,"failureMessages":[],"meta":{}},{"ancestorTitles":["Module CRUD Schema Validation","Module: debtors (table: debtors)"],"fullName":"Module CRUD Schema Validation Module: debtors (table: debtors) sample data fields should have correct types","status":"passed","title":"sample data fields should have correct types","duration":0.03384800000003452,"failureMessages":[],"meta":{}},{"ancestorTitles":["Module CRUD Schema Validation","Module: debtors (table: debtors)"],"fullName":"Module CRUD Schema Validation Module: debtors (table: debtors) CREATE: should fail validation when required fields are missing","status":"passed","title":"CREATE: should fail validation when required fields are missing","duration":0.0771869999999808,"failureMessages":[],"meta":{}},{"ancestorTitles":["Module CRUD Schema Validation","Module: debtors (table: debtors)"],"fullName":"Module CRUD Schema Validation Module: debtors (table: debtors) READ: schema fields should have consistent naming (snake_case)","status":"passed","title":"READ: schema fields should have consistent naming (snake_case)","duration":0.03687800000000152,"failureMessages":[],"meta":{}},{"ancestorTitles":["Module CRUD Schema Validation","Module: debtors (table: debtors)"],"fullName":"Module CRUD Schema Validation Module: debtors (table: debtors) UPDATE: partial data should be valid (not all fields required)","status":"passed","title":"UPDATE: partial data should be valid (not all fields required)","duration":0.02736200000003919,"failureMessages":[],"meta":{}},{"ancestorTitles":["Module CRUD Schema Validation","Module: creditors (table: creditors)"],"fullName":"Module CRUD Schema Validation Module: creditors (table: creditors) should have a defined schema with fields","status":"passed","title":"should have a defined schema with fields","duration":0.04397700000004079,"failureMessages":[],"meta":{}},{"ancestorTitles":["Module CRUD Schema Validation","Module: creditors (table: creditors)"],"fullName":"Module CRUD Schema Validation Module: creditors (table: creditors) should have sample data available","status":"passed","title":"should have sample data available","duration":0.02746300000001156,"failureMessages":[],"meta":{}},{"ancestorTitles":["Module CRUD Schema Validation","Module: creditors (table: creditors)"],"fullName":"Module CRUD Schema Validation Module: creditors (table: creditors) sample data should satisfy all required fields","status":"passed","title":"sample data should satisfy all required fields","duration":0.07563700000002882,"failureMessages":[],"meta":{}},{"ancestorTitles":["Module CRUD Schema Validation","Module: creditors (table: creditors)"],"fullName":"Module CRUD Schema Validation Module: creditors (table: creditors) sample data fields should have correct types","status":"passed","title":"sample data fields should have correct types","duration":0.03259200000002238,"failureMessages":[],"meta":{}},{"ancestorTitles":["Module CRUD Schema Validation","Module: creditors (table: creditors)"],"fullName":"Module CRUD Schema Validation Module: creditors (table: creditors) CREATE: should fail validation when required fields are missing","status":"passed","title":"CREATE: should fail validation when required fields are missing","duration":0.027779000000009546,"failureMessages":[],"meta":{}},{"ancestorTitles":["Module CRUD Schema Validation","Module: creditors (table: creditors)"],"fullName":"Module CRUD Schema Validation Module: creditors (table: creditors) READ: schema fields should have consistent naming (snake_case)","status":"passed","title":"READ: schema fields should have consistent naming (snake_case)","duration":0.03300000000001546,"failureMessages":[],"meta":{}},{"ancestorTitles":["Module CRUD Schema Validation","Module: creditors (table: creditors)"],"fullName":"Module CRUD Schema Validation Module: creditors (table: creditors) UPDATE: partial data should be valid (not all fields required)","status":"passed","title":"UPDATE: partial data should be valid (not all fields required)","duration":0.03694900000004964,"failureMessages":[],"meta":{}},{"ancestorTitles":["Module CRUD Schema Validation","Module: deliveries (table: deliveries)"],"fullName":"Module CRUD Schema Validation Module: deliveries (table: deliveries) should have a defined schema with fields","status":"passed","title":"should have a defined schema with fields","duration":0.034639999999967586,"failureMessages":[],"meta":{}},{"ancestorTitles":["Module CRUD Schema Validation","Module: deliveries (table: deliveries)"],"fullName":"Module CRUD Schema Validation Module: deliveries (table: deliveries) should have sample data available","status":"passed","title":"should have sample data available","duration":0.025388999999904627,"failureMessages":[],"meta":{}},{"ancestorTitles":["Module CRUD Schema Validation","Module: deliveries (table: deliveries)"],"fullName":"Module CRUD Schema Validation Module: deliveries (table: deliveries) sample data should satisfy all required fields","status":"passed","title":"sample data should satisfy all required fields","duration":0.07333900000003268,"failureMessages":[],"meta":{}},{"ancestorTitles":["Module CRUD Schema Validation","Module: deliveries (table: deliveries)"],"fullName":"Module CRUD Schema Validation Module: deliveries (table: deliveries) sample data fields should have correct types","status":"passed","title":"sample data fields should have correct types","duration":0.04099400000006881,"failureMessages":[],"meta":{}},{"ancestorTitles":["Module CRUD Schema Validation","Module: deliveries (table: deliveries)"],"fullName":"Module CRUD Schema Validation Module: deliveries (table: deliveries) CREATE: should fail validation when required fields are missing","status":"passed","title":"CREATE: should fail validation when required fields are missing","duration":0.02366499999993721,"failureMessages":[],"meta":{}},{"ancestorTitles":["Module CRUD Schema Validation","Module: deliveries (table: deliveries)"],"fullName":"Module CRUD Schema Validation Module: deliveries (table: deliveries) READ: schema fields should have consistent naming (snake_case)","status":"passed","title":"READ: schema fields should have consistent naming (snake_case)","duration":0.0405750000001035,"failureMessages":[],"meta":{}},{"ancestorTitles":["Module CRUD Schema Validation","Module: deliveries (table: deliveries)"],"fullName":"Module CRUD Schema Validation Module: deliveries (table: deliveries) UPDATE: partial data should be valid (not all fields required)","status":"passed","title":"UPDATE: partial data should be valid (not all fields required)","duration":0.029990999999995438,"failureMessages":[],"meta":{}},{"ancestorTitles":["Module CRUD Schema Validation","Module: pos_sales (table: pos_sales)"],"fullName":"Module CRUD Schema Validation Module: pos_sales (table: pos_sales) should have a defined schema with fields","status":"passed","title":"should have a defined schema with fields","duration":0.03379900000004454,"failureMessages":[],"meta":{}},{"ancestorTitles":["Module CRUD Schema Validation","Module: pos_sales (table: pos_sales)"],"fullName":"Module CRUD Schema Validation Module: pos_sales (table: pos_sales) should have sample data available","status":"passed","title":"should have sample data available","duration":0.023843000000056236,"failureMessages":[],"meta":{}},{"ancestorTitles":["Module CRUD Schema Validation","Module: pos_sales (table: pos_sales)"],"fullName":"Module CRUD Schema Validation Module: pos_sales (table: pos_sales) sample data should satisfy all required fields","status":"passed","title":"sample data should satisfy all required fields","duration":0.11816099999998642,"failureMessages":[],"meta":{}},{"ancestorTitles":["Module CRUD Schema Validation","Module: pos_sales (table: pos_sales)"],"fullName":"Module CRUD Schema Validation Module: pos_sales (table: pos_sales) sample data fields should have correct types","status":"passed","title":"sample data fields should have correct types","duration":0.043385000000057516,"failureMessages":[],"meta":{}},{"ancestorTitles":["Module CRUD Schema Validation","Module: pos_sales (table: pos_sales)"],"fullName":"Module CRUD Schema Validation Module: pos_sales (table: pos_sales) CREATE: should fail validation when required fields are missing","status":"passed","title":"CREATE: should fail validation when required fields are missing","duration":0.02459400000009282,"failureMessages":[],"meta":{}},{"ancestorTitles":["Module CRUD Schema Validation","Module: pos_sales (table: pos_sales)"],"fullName":"Module CRUD Schema Validation Module: pos_sales (table: pos_sales) READ: schema fields should have consistent naming (snake_case)","status":"passed","title":"READ: schema fields should have consistent naming (snake_case)","duration":0.0422240000000329,"failureMessages":[],"meta":{}},{"ancestorTitles":["Module CRUD Schema Validation","Module: pos_sales (table: pos_sales)"],"fullName":"Module CRUD Schema Validation Module: pos_sales (table: pos_sales) UPDATE: partial data should be valid (not all fields required)","status":"passed","title":"UPDATE: partial data should be valid (not all fields required)","duration":0.026515000000017608,"failureMessages":[],"meta":{}},{"ancestorTitles":["Module CRUD Schema Validation","Module: waste_records (table: waste_records)"],"fullName":"Module CRUD Schema Validation Module: waste_records (table: waste_records) should have a defined schema with fields","status":"passed","title":"should have a defined schema with fields","duration":0.032409000000029664,"failureMessages":[],"meta":{}},{"ancestorTitles":["Module CRUD Schema Validation","Module: waste_records (table: waste_records)"],"fullName":"Module CRUD Schema Validation Module: waste_records (table: waste_records) should have sample data available","status":"passed","title":"should have sample data available","duration":0.024271999999996297,"failureMessages":[],"meta":{}},{"ancestorTitles":["Module CRUD Schema Validation","Module: waste_records (table: waste_records)"],"fullName":"Module CRUD Schema Validation Module: waste_records (table: waste_records) sample data should satisfy all required fields","status":"passed","title":"sample data should satisfy all required fields","duration":0.10182000000008884,"failureMessages":[],"meta":{}},{"ancestorTitles":["Module CRUD Schema Validation","Module: waste_records (table: waste_records)"],"fullName":"Module CRUD Schema Validation Module: waste_records (table: waste_records) sample data fields should have correct types","status":"passed","title":"sample data fields should have correct types","duration":0.04157599999996364,"failureMessages":[],"meta":{}},{"ancestorTitles":["Module CRUD Schema Validation","Module: waste_records (table: waste_records)"],"fullName":"Module CRUD Schema Validation Module: waste_records (table: waste_records) CREATE: should fail validation when required fields are missing","status":"passed","title":"CREATE: should fail validation when required fields are missing","duration":0.024232999999981075,"failureMessages":[],"meta":{}},{"ancestorTitles":["Module CRUD Schema Validation","Module: waste_records (table: waste_records)"],"fullName":"Module CRUD Schema Validation Module: waste_records (table: waste_records) READ: schema fields should have consistent naming (snake_case)","status":"passed","title":"READ: schema fields should have consistent naming (snake_case)","duration":0.04026699999997163,"failureMessages":[],"meta":{}},{"ancestorTitles":["Module CRUD Schema Validation","Module: waste_records (table: waste_records)"],"fullName":"Module CRUD Schema Validation Module: waste_records (table: waste_records) UPDATE: partial data should be valid (not all fields required)","status":"passed","title":"UPDATE: partial data should be valid (not all fields required)","duration":0.026275000000055115,"failureMessages":[],"meta":{}},{"ancestorTitles":["Module CRUD Schema Validation","Module: assets (table: assets)"],"fullName":"Module CRUD Schema Validation Module: assets (table: assets) should have a defined schema with fields","status":"passed","title":"should have a defined schema with fields","duration":0.03225800000006984,"failureMessages":[],"meta":{}},{"ancestorTitles":["Module CRUD Schema Validation","Module: assets (table: assets)"],"fullName":"Module CRUD Schema Validation Module: assets (table: assets) should have sample data available","status":"passed","title":"should have sample data available","duration":0.023608999999964908,"failureMessages":[],"meta":{}},{"ancestorTitles":["Module CRUD Schema Validation","Module: assets (table: assets)"],"fullName":"Module CRUD Schema Validation Module: assets (table: assets) sample data should satisfy all required fields","status":"passed","title":"sample data should satisfy all required fields","duration":0.1005729999999403,"failureMessages":[],"meta":{}},{"ancestorTitles":["Module CRUD Schema Validation","Module: assets (table: assets)"],"fullName":"Module CRUD Schema Validation Module: assets (table: assets) sample data fields should have correct types","status":"passed","title":"sample data fields should have correct types","duration":0.04112299999997049,"failureMessages":[],"meta":{}},{"ancestorTitles":["Module CRUD Schema Validation","Module: assets (table: assets)"],"fullName":"Module CRUD Schema Validation Module: assets (table: assets) CREATE: should fail validation when required fields are missing","status":"passed","title":"CREATE: should fail validation when required fields are missing","duration":0.0240120000000843,"failureMessages":[],"meta":{}},{"ancestorTitles":["Module CRUD Schema Validation","Module: assets (table: assets)"],"fullName":"Module CRUD Schema Validation Module: assets (table: assets) READ: schema fields should have consistent naming (snake_case)","status":"passed","title":"READ: schema fields should have consistent naming (snake_case)","duration":0.039603000000056454,"failureMessages":[],"meta":{}},{"ancestorTitles":["Module CRUD Schema Validation","Module: assets (table: assets)"],"fullName":"Module CRUD Schema Validation Module: assets (table: assets) UPDATE: partial data should be valid (not all fields required)","status":"passed","title":"UPDATE: partial data should be valid (not all fields required)","duration":0.02437099999997372,"failureMessages":[],"meta":{}},{"ancestorTitles":["Module CRUD Schema Validation","Module: outlets (table: outlets)"],"fullName":"Module CRUD Schema Validation Module: outlets (table: outlets) should have a defined schema with fields","status":"passed","title":"should have a defined schema with fields","duration":0.033392999999932726,"failureMessages":[],"meta":{}},{"ancestorTitles":["Module CRUD Schema Validation","Module: outlets (table: outlets)"],"fullName":"Module CRUD Schema Validation Module: outlets (table: outlets) should have sample data available","status":"passed","title":"should have sample data available","duration":0.024994999999989886,"failureMessages":[],"meta":{}},{"ancestorTitles":["Module CRUD Schema Validation","Module: outlets (table: outlets)"],"fullName":"Module CRUD Schema Validation Module: outlets (table: outlets) sample data should satisfy all required fields","status":"passed","title":"sample data should satisfy all required fields","duration":0.07488799999998719,"failureMessages":[],"meta":{}},{"ancestorTitles":["Module CRUD Schema Validation","Module: outlets (table: outlets)"],"fullName":"Module CRUD Schema Validation Module: outlets (table: outlets) sample data fields should have correct types","status":"passed","title":"sample data fields should have correct types","duration":0.04137500000001637,"failureMessages":[],"meta":{}},{"ancestorTitles":["Module CRUD Schema Validation","Module: outlets (table: outlets)"],"fullName":"Module CRUD Schema Validation Module: outlets (table: outlets) CREATE: should fail validation when required fields are missing","status":"passed","title":"CREATE: should fail validation when required fields are missing","duration":0.025187999999957356,"failureMessages":[],"meta":{}},{"ancestorTitles":["Module CRUD Schema Validation","Module: outlets (table: outlets)"],"fullName":"Module CRUD Schema Validation Module: outlets (table: outlets) READ: schema fields should have consistent naming (snake_case)","status":"passed","title":"READ: schema fields should have consistent naming (snake_case)","duration":0.042397000000050866,"failureMessages":[],"meta":{}},{"ancestorTitles":["Module CRUD Schema Validation","Module: outlets (table: outlets)"],"fullName":"Module CRUD Schema Validation Module: outlets (table: outlets) UPDATE: partial data should be valid (not all fields required)","status":"passed","title":"UPDATE: partial data should be valid (not all fields required)","duration":0.02535800000009658,"failureMessages":[],"meta":{}},{"ancestorTitles":["Module CRUD Schema Validation","Module: food_info (table: food_info)"],"fullName":"Module CRUD Schema Validation Module: food_info (table: food_info) should have a defined schema with fields","status":"passed","title":"should have a defined schema with fields","duration":0.03407500000002983,"failureMessages":[],"meta":{}},{"ancestorTitles":["Module CRUD Schema Validation","Module: food_info (table: food_info)"],"fullName":"Module CRUD Schema Validation Module: food_info (table: food_info) should have sample data available","status":"passed","title":"should have sample data available","duration":0.02469199999995908,"failureMessages":[],"meta":{}},{"ancestorTitles":["Module CRUD Schema Validation","Module: food_info (table: food_info)"],"fullName":"Module CRUD Schema Validation Module: food_info (table: food_info) sample data should satisfy all required fields","status":"passed","title":"sample data should satisfy all required fields","duration":0.0465439999999262,"failureMessages":[],"meta":{}},{"ancestorTitles":["Module CRUD Schema Validation","Module: food_info (table: food_info)"],"fullName":"Module CRUD Schema Validation Module: food_info (table: food_info) sample data fields should have correct types","status":"passed","title":"sample data fields should have correct types","duration":0.043756000000030326,"failureMessages":[],"meta":{}},{"ancestorTitles":["Module CRUD Schema Validation","Module: food_info (table: food_info)"],"fullName":"Module CRUD Schema Validation Module: food_info (table: food_info) CREATE: should fail validation when required fields are missing","status":"passed","title":"CREATE: should fail validation when required fields are missing","duration":0.025328999999942425,"failureMessages":[],"meta":{}},{"ancestorTitles":["Module CRUD Schema Validation","Module: food_info (table: food_info)"],"fullName":"Module CRUD Schema Validation Module: food_info (table: food_info) READ: schema fields should have consistent naming (snake_case)","status":"passed","title":"READ: schema fields should have consistent naming (snake_case)","duration":0.04197799999997187,"failureMessages":[],"meta":{}},{"ancestorTitles":["Module CRUD Schema Validation","Module: food_info (table: food_info)"],"fullName":"Module CRUD Schema Validation Module: food_info (table: food_info) UPDATE: partial data should be valid (not all fields required)","status":"passed","title":"UPDATE: partial data should be valid (not all fields required)","duration":0.03750400000001264,"failureMessages":[],"meta":{}},{"ancestorTitles":["Module CRUD Schema Validation","Module: lot_tracking (table: lot_tracking)"],"fullName":"Module CRUD Schema Validation Module: lot_tracking (table: lot_tracking) should have a defined schema with fields","status":"passed","title":"should have a defined schema with fields","duration":0.03539499999999407,"failureMessages":[],"meta":{}},{"ancestorTitles":["Module CRUD Schema Validation","Module: lot_tracking (table: lot_tracking)"],"fullName":"Module CRUD Schema Validation Module: lot_tracking (table: lot_tracking) should have sample data available","status":"passed","title":"should have sample data available","duration":0.025977000000011685,"failureMessages":[],"meta":{}},{"ancestorTitles":["Module CRUD Schema Validation","Module: lot_tracking (table: lot_tracking)"],"fullName":"Module CRUD Schema Validation Module: lot_tracking (table: lot_tracking) sample data should satisfy all required fields","status":"passed","title":"sample data should satisfy all required fields","duration":0.10737700000004224,"failureMessages":[],"meta":{}},{"ancestorTitles":["Module CRUD Schema Validation","Module: lot_tracking (table: lot_tracking)"],"fullName":"Module CRUD Schema Validation Module: lot_tracking (table: lot_tracking) sample data fields should have correct types","status":"passed","title":"sample data fields should have correct types","duration":0.04296799999997347,"failureMessages":[],"meta":{}},{"ancestorTitles":["Module CRUD Schema Validation","Module: lot_tracking (table: lot_tracking)"],"fullName":"Module CRUD Schema Validation Module: lot_tracking (table: lot_tracking) CREATE: should fail validation when required fields are missing","status":"passed","title":"CREATE: should fail validation when required fields are missing","duration":0.024994999999989886,"failureMessages":[],"meta":{}},{"ancestorTitles":["Module CRUD Schema Validation","Module: lot_tracking (table: lot_tracking)"],"fullName":"Module CRUD Schema Validation Module: lot_tracking (table: lot_tracking) READ: schema fields should have consistent naming (snake_case)","status":"passed","title":"READ: schema fields should have consistent naming (snake_case)","duration":0.04242199999998775,"failureMessages":[],"meta":{}},{"ancestorTitles":["Module CRUD Schema Validation","Module: lot_tracking (table: lot_tracking)"],"fullName":"Module CRUD Schema Validation Module: lot_tracking (table: lot_tracking) UPDATE: partial data should be valid (not all fields required)","status":"passed","title":"UPDATE: partial data should be valid (not all fields required)","duration":0.029178000000001703,"failureMessages":[],"meta":{}},{"ancestorTitles":["Module CRUD Schema Validation","Module: audit_log (table: audit_log)"],"fullName":"Module CRUD Schema Validation Module: audit_log (table: audit_log) should have a defined schema with fields","status":"passed","title":"should have a defined schema with fields","duration":0.03649499999994532,"failureMessages":[],"meta":{}},{"ancestorTitles":["Module CRUD Schema Validation","Module: audit_log (table: audit_log)"],"fullName":"Module CRUD Schema Validation Module: audit_log (table: audit_log) should have sample data available","status":"passed","title":"should have sample data available","duration":0.025109999999926913,"failureMessages":[],"meta":{}},{"ancestorTitles":["Module CRUD Schema Validation","Module: audit_log (table: audit_log)"],"fullName":"Module CRUD Schema Validation Module: audit_log (table: audit_log) sample data should satisfy all required fields","status":"passed","title":"sample data should satisfy all required fields","duration":0.10887700000000677,"failureMessages":[],"meta":{}},{"ancestorTitles":["Module CRUD Schema Validation","Module: audit_log (table: audit_log)"],"fullName":"Module CRUD Schema Validation Module: audit_log (table: audit_log) sample data fields should have correct types","status":"passed","title":"sample data fields should have correct types","duration":0.04400199999997767,"failureMessages":[],"meta":{}},{"ancestorTitles":["Module CRUD Schema Validation","Module: audit_log (table: audit_log)"],"fullName":"Module CRUD Schema Validation Module: audit_log (table: audit_log) CREATE: should fail validation when required fields are missing","status":"passed","title":"CREATE: should fail validation when required fields are missing","duration":0.025218999999992775,"failureMessages":[],"meta":{}},{"ancestorTitles":["Module CRUD Schema Validation","Module: audit_log (table: audit_log)"],"fullName":"Module CRUD Schema Validation Module: audit_log (table: audit_log) READ: schema fields should have consistent naming (snake_case)","status":"passed","title":"READ: schema fields should have consistent naming (snake_case)","duration":0.043337999999948806,"failureMessages":[],"meta":{}},{"ancestorTitles":["Module CRUD Schema Validation","Module: audit_log (table: audit_log)"],"fullName":"Module CRUD Schema Validation Module: audit_log (table: audit_log) UPDATE: partial data should be valid (not all fields required)","status":"passed","title":"UPDATE: partial data should be valid (not all fields required)","duration":0.029527000000030057,"failureMessages":[],"meta":{}},{"ancestorTitles":["Business Rule Validation","orders — status values"],"fullName":"Business Rule Validation orders — status values should have valid status in sample data","status":"passed","title":"should have valid status in sample data","duration":0.6157079999999269,"failureMessages":[],"meta":{}},{"ancestorTitles":["Business Rule Validation","orders — status values"],"fullName":"Business Rule Validation orders — status values should have multiple valid status transitions defined","status":"passed","title":"should have multiple valid status transitions defined","duration":0.07471800000007534,"failureMessages":[],"meta":{}},{"ancestorTitles":["Business Rule Validation","production — status values"],"fullName":"Business Rule Validation production — status values should have valid status in sample data","status":"passed","title":"should have valid status in sample data","duration":0.08343200000001616,"failureMessages":[],"meta":{}},{"ancestorTitles":["Business Rule Validation","production — status values"],"fullName":"Business Rule Validation production — status values should have multiple valid status transitions defined","status":"passed","title":"should have multiple valid status transitions defined","duration":0.03329800000005889,"failureMessages":[],"meta":{}},{"ancestorTitles":["Business Rule Validation","deliveries — status values"],"fullName":"Business Rule Validation deliveries — status values should have valid status in sample data","status":"passed","title":"should have valid status in sample data","duration":0.05797000000006847,"failureMessages":[],"meta":{}},{"ancestorTitles":["Business Rule Validation","deliveries — status values"],"fullName":"Business Rule Validation deliveries — status values should have multiple valid status transitions defined","status":"passed","title":"should have multiple valid status transitions defined","duration":0.028593999999998232,"failureMessages":[],"meta":{}},{"ancestorTitles":["Business Rule Validation","pos_sales — status values"],"fullName":"Business Rule Validation pos_sales — status values should have valid status in sample data","status":"passed","title":"should have valid status in sample data","duration":0.051341999999976906,"failureMessages":[],"meta":{}},{"ancestorTitles":["Business Rule Validation","pos_sales — status values"],"fullName":"Business Rule Validation pos_sales — status values should have multiple valid status transitions defined","status":"passed","title":"should have multiple valid status transitions defined","duration":0.026791000000002896,"failureMessages":[],"meta":{}},{"ancestorTitles":["Business Rule Validation","assets — status values"],"fullName":"Business Rule Validation assets — status values should have valid status in sample data","status":"passed","title":"should have valid status in sample data","duration":0.06676699999991342,"failureMessages":[],"meta":{}},{"ancestorTitles":["Business Rule Validation","assets — status values"],"fullName":"Business Rule Validation assets — status values should have multiple valid status transitions defined","status":"passed","title":"should have multiple valid status transitions defined","duration":0.029605999999944288,"failureMessages":[],"meta":{}},{"ancestorTitles":["Business Rule Validation","outlets — status values"],"fullName":"Business Rule Validation outlets — status values should have valid status in sample data","status":"passed","title":"should have valid status in sample data","duration":0.048377999999956955,"failureMessages":[],"meta":{}},{"ancestorTitles":["Business Rule Validation","outlets — status values"],"fullName":"Business Rule Validation outlets — status values should have multiple valid status transitions defined","status":"passed","title":"should have multiple valid status transitions defined","duration":0.026336000000014792,"failureMessages":[],"meta":{}},{"ancestorTitles":["Business Rule Validation","Payment validation"],"fullName":"Business Rule Validation Payment validation order payment_status should be valid","status":"passed","title":"order payment_status should be valid","duration":0.05648400000006859,"failureMessages":[],"meta":{}},{"ancestorTitles":["Business Rule Validation","Payment validation"],"fullName":"Business Rule Validation Payment validation POS payment_method should be valid","status":"passed","title":"POS payment_method should be valid","duration":0.05046500000003107,"failureMessages":[],"meta":{}},{"ancestorTitles":["Business Rule Validation","Payment validation"],"fullName":"Business Rule Validation Payment validation order total should be positive","status":"passed","title":"order total should be positive","duration":0.03752699999995457,"failureMessages":[],"meta":{}},{"ancestorTitles":["Business Rule Validation","Payment validation"],"fullName":"Business Rule Validation Payment validation POS sale total should be positive","status":"passed","title":"POS sale total should be positive","duration":0.03355799999997089,"failureMessages":[],"meta":{}},{"ancestorTitles":["Business Rule Validation","Employee role validation"],"fullName":"Business Rule Validation Employee role validation employee login_role should be a valid role","status":"passed","title":"employee login_role should be a valid role","duration":0.14346399999999448,"failureMessages":[],"meta":{}},{"ancestorTitles":["Business Rule Validation","Employee role validation"],"fullName":"Business Rule Validation Employee role validation should have comprehensive role list covering all access levels","status":"passed","title":"should have comprehensive role list covering all access levels","duration":0.07381600000007893,"failureMessages":[],"meta":{}},{"ancestorTitles":["Business Rule Validation","Pricing validation"],"fullName":"Business Rule Validation Pricing validation base_price should be >= cost_price","status":"passed","title":"base_price should be >= cost_price","duration":0.04445500000008451,"failureMessages":[],"meta":{}},{"ancestorTitles":["Business Rule Validation","Pricing validation"],"fullName":"Business Rule Validation Pricing validation prices should be positive numbers","status":"passed","title":"prices should be positive numbers","duration":0.046469999999999345,"failureMessages":[],"meta":{}},{"ancestorTitles":["Business Rule Validation","Inventory validation"],"fullName":"Business Rule Validation Inventory validation quantity should be non-negative","status":"passed","title":"quantity should be non-negative","duration":0.0352420000000393,"failureMessages":[],"meta":{}},{"ancestorTitles":["Business Rule Validation","Inventory validation"],"fullName":"Business Rule Validation Inventory validation reorder_level should be non-negative","status":"passed","title":"reorder_level should be non-negative","duration":0.03556000000003223,"failureMessages":[],"meta":{}},{"ancestorTitles":["Business Rule Validation","Inventory validation"],"fullName":"Business Rule Validation Inventory validation unit_cost should be positive","status":"passed","title":"unit_cost should be positive","duration":0.05810400000007121,"failureMessages":[],"meta":{}},{"ancestorTitles":["Business Rule Validation","Audit log validation"],"fullName":"Business Rule Validation Audit log validation action should be a valid audit action","status":"passed","title":"action should be a valid audit action","duration":0.08645400000000336,"failureMessages":[],"meta":{}},{"ancestorTitles":["Business Rule Validation","Audit log validation"],"fullName":"Business Rule Validation Audit log validation module should be a non-empty string","status":"passed","title":"module should be a non-empty string","duration":0.05647600000008879,"failureMessages":[],"meta":{}},{"ancestorTitles":["Module Coverage Summary"],"fullName":"Module Coverage Summary should cover all 18 major modules","status":"passed","title":"should cover all 18 major modules","duration":0.041835999999989326,"failureMessages":[],"meta":{}},{"ancestorTitles":["Module Coverage Summary"],"fullName":"Module Coverage Summary all modules should have sample data for CREATE testing","status":"passed","title":"all modules should have sample data for CREATE testing","duration":0.25782700000002023,"failureMessages":[],"meta":{}},{"ancestorTitles":["Module Coverage Summary"],"fullName":"Module Coverage Summary should have status validation for stateful modules","status":"passed","title":"should have status validation for stateful modules","duration":0.10258499999997639,"failureMessages":[],"meta":{}}],"startTime":1772209802367,"endTime":1772209802380.2578,"status":"passed","message":"","name":"/opt/build/repo/tests/module-crud-schemas.test.ts"},{"assertionResults":[{"ancestorTitles":["Products Module","Product Data Integrity"],"fullName":"Products Module Product Data Integrity should have products loaded","status":"passed","title":"should have products loaded","duration":1.0127780000000257,"failureMessages":[],"meta":{}},{"ancestorTitles":["Products Module","Product Data Integrity"],"fullName":"Products Module Product Data Integrity should have unique product IDs","status":"passed","title":"should have unique product IDs","duration":0.2604350000000295,"failureMessages":[],"meta":{}},{"ancestorTitles":["Products Module","Product Data Integrity"],"fullName":"Products Module Product Data Integrity every product should have required fields","status":"passed","title":"every product should have required fields","duration":6.4073000000000775,"failureMessages":[],"meta":{}},{"ancestorTitles":["Products Module","Product Data Integrity"],"fullName":"Products Module Product Data Integrity every product should belong to a valid category","status":"passed","title":"every product should belong to a valid category","duration":1.9445090000000391,"failureMessages":[],"meta":{}},{"ancestorTitles":["Products Module","Product Data Integrity"],"fullName":"Products Module Product Data Integrity should have products in each category","status":"passed","title":"should have products in each category","duration":0.24164199999995617,"failureMessages":[],"meta":{}},{"ancestorTitles":["Products Module","Product Data Integrity"],"fullName":"Products Module Product Data Integrity all products should have stock > 0 and be in stock","status":"passed","title":"all products should have stock > 0 and be in stock","duration":0.9350410000000693,"failureMessages":[],"meta":{}},{"ancestorTitles":["Products Module","getProduct"],"fullName":"Products Module getProduct should find a product by ID","status":"passed","title":"should find a product by ID","duration":0.18203400000004422,"failureMessages":[],"meta":{}},{"ancestorTitles":["Products Module","getProduct"],"fullName":"Products Module getProduct should return undefined for non-existent product","status":"passed","title":"should return undefined for non-existent product","duration":0.09819500000003245,"failureMessages":[],"meta":{}},{"ancestorTitles":["Products Module","getProduct"],"fullName":"Products Module getProduct should find products for all known IDs","status":"passed","title":"should find products for all known IDs","duration":0.2528790000000072,"failureMessages":[],"meta":{}},{"ancestorTitles":["Products Module","getBestSellers"],"fullName":"Products Module getBestSellers should return only products marked as best sellers","status":"passed","title":"should return only products marked as best sellers","duration":0.18596200000001772,"failureMessages":[],"meta":{}},{"ancestorTitles":["Products Module","getBestSellers"],"fullName":"Products Module getBestSellers should return a subset of all products","status":"passed","title":"should return a subset of all products","duration":0.08003100000007635,"failureMessages":[],"meta":{}},{"ancestorTitles":["Products Module","getOnOffer"],"fullName":"Products Module getOnOffer should return products that are on sale or have offers","status":"passed","title":"should return products that are on sale or have offers","duration":0.14386000000001786,"failureMessages":[],"meta":{}},{"ancestorTitles":["Products Module","getOnOffer"],"fullName":"Products Module getOnOffer should include products with originalPrice","status":"passed","title":"should include products with originalPrice","duration":0.059290000000032705,"failureMessages":[],"meta":{}},{"ancestorTitles":["Products Module","getRelated"],"fullName":"Products Module getRelated should return products in the same category","status":"passed","title":"should return products in the same category","duration":0.12286799999992581,"failureMessages":[],"meta":{}},{"ancestorTitles":["Products Module","getRelated"],"fullName":"Products Module getRelated should not include the original product","status":"passed","title":"should not include the original product","duration":0.06548500000008062,"failureMessages":[],"meta":{}},{"ancestorTitles":["Products Module","getRelated"],"fullName":"Products Module getRelated should return at most 4 products by default","status":"passed","title":"should return at most 4 products by default","duration":0.06728099999997994,"failureMessages":[],"meta":{}},{"ancestorTitles":["Products Module","getRelated"],"fullName":"Products Module getRelated should respect custom count parameter","status":"passed","title":"should respect custom count parameter","duration":0.04293700000005174,"failureMessages":[],"meta":{}},{"ancestorTitles":["Products Module","getRelated"],"fullName":"Products Module getRelated should return empty array when no related products exist for a unique category","status":"passed","title":"should return empty array when no related products exist for a unique category","duration":0.4138709999999719,"failureMessages":[],"meta":{}},{"ancestorTitles":["Products Module","Category Constants"],"fullName":"Products Module Category Constants CATEGORY_LIST should contain expected categories","status":"passed","title":"CATEGORY_LIST should contain expected categories","duration":0.23883299999999963,"failureMessages":[],"meta":{}},{"ancestorTitles":["Products Module","Category Constants"],"fullName":"Products Module Category Constants CIRCLE_CATEGORIES should have entries with required fields","status":"passed","title":"CIRCLE_CATEGORIES should have entries with required fields","duration":0.25133500000004005,"failureMessages":[],"meta":{}}],"startTime":1772209802378,"endTime":1772209802391.2512,"status":"passed","message":"","name":"/opt/build/repo/tests/products.test.ts"},{"assertionResults":[{"ancestorTitles":["CRUD Helpers (lib/supabase.ts)","dbFetchAll"],"fullName":"CRUD Helpers (lib/supabase.ts) dbFetchAll should fetch all rows from a table ordered by created_at descending","status":"passed","title":"should fetch all rows from a table ordered by created_at descending","duration":28.952613000000042,"failureMessages":[],"meta":{}},{"ancestorTitles":["CRUD Helpers (lib/supabase.ts)","dbFetchAll"],"fullName":"CRUD Helpers (lib/supabase.ts) dbFetchAll should return empty array on error","status":"passed","title":"should return empty array on error","duration":1.1800399999999627,"failureMessages":[],"meta":{}},{"ancestorTitles":["CRUD Helpers (lib/supabase.ts)","dbFetchAll"],"fullName":"CRUD Helpers (lib/supabase.ts) dbFetchAll should accept custom ordering","status":"passed","title":"should accept custom ordering","duration":0.5232100000000628,"failureMessages":[],"meta":{}},{"ancestorTitles":["CRUD Helpers (lib/supabase.ts)","dbFetchAll"],"fullName":"CRUD Helpers (lib/supabase.ts) dbFetchAll should return empty array when data is null","status":"passed","title":"should return empty array when data is null","duration":0.589937999999961,"failureMessages":[],"meta":{}},{"ancestorTitles":["CRUD Helpers (lib/supabase.ts)","dbFetchWithFilter"],"fullName":"CRUD Helpers (lib/supabase.ts) dbFetchWithFilter should fetch rows with filters applied","status":"passed","title":"should fetch rows with filters applied","duration":0.7520129999999199,"failureMessages":[],"meta":{}},{"ancestorTitles":["CRUD Helpers (lib/supabase.ts)","dbFetchWithFilter"],"fullName":"CRUD Helpers (lib/supabase.ts) dbFetchWithFilter should apply multiple filters","status":"passed","title":"should apply multiple filters","duration":0.3279300000000376,"failureMessages":[],"meta":{}},{"ancestorTitles":["CRUD Helpers (lib/supabase.ts)","dbFetchWithFilter"],"fullName":"CRUD Helpers (lib/supabase.ts) dbFetchWithFilter should return empty array on error","status":"passed","title":"should return empty array on error","duration":0.40277499999990596,"failureMessages":[],"meta":{}},{"ancestorTitles":["CRUD Helpers (lib/supabase.ts)","dbInsert"],"fullName":"CRUD Helpers (lib/supabase.ts) dbInsert should insert a row and return the result","status":"passed","title":"should insert a row and return the result","duration":0.44601299999999355,"failureMessages":[],"meta":{}},{"ancestorTitles":["CRUD Helpers (lib/supabase.ts)","dbInsert"],"fullName":"CRUD Helpers (lib/supabase.ts) dbInsert should throw error on insert failure","status":"passed","title":"should throw error on insert failure","duration":1.5033379999999852,"failureMessages":[],"meta":{}},{"ancestorTitles":["CRUD Helpers (lib/supabase.ts)","dbUpdate"],"fullName":"CRUD Helpers (lib/supabase.ts) dbUpdate should update a row by id and return the result","status":"passed","title":"should update a row by id and return the result","duration":0.5316849999999249,"failureMessages":[],"meta":{}},{"ancestorTitles":["CRUD Helpers (lib/supabase.ts)","dbUpdate"],"fullName":"CRUD Helpers (lib/supabase.ts) dbUpdate should throw error on update failure","status":"passed","title":"should throw error on update failure","duration":0.45215600000005907,"failureMessages":[],"meta":{}},{"ancestorTitles":["CRUD Helpers (lib/supabase.ts)","dbDelete"],"fullName":"CRUD Helpers (lib/supabase.ts) dbDelete should delete a row by id and return true","status":"passed","title":"should delete a row by id and return true","duration":0.5403240000000551,"failureMessages":[],"meta":{}},{"ancestorTitles":["CRUD Helpers (lib/supabase.ts)","dbDelete"],"fullName":"CRUD Helpers (lib/supabase.ts) dbDelete should throw error on delete failure","status":"passed","title":"should throw error on delete failure","duration":0.41291400000000067,"failureMessages":[],"meta":{}},{"ancestorTitles":["CRUD Helpers (lib/supabase.ts)","dbUpsert"],"fullName":"CRUD Helpers (lib/supabase.ts) dbUpsert should upsert a row and return the result","status":"passed","title":"should upsert a row and return the result","duration":0.43602899999996225,"failureMessages":[],"meta":{}},{"ancestorTitles":["CRUD Helpers (lib/supabase.ts)","dbUpsert"],"fullName":"CRUD Helpers (lib/supabase.ts) dbUpsert should throw error on upsert failure","status":"passed","title":"should throw error on upsert failure","duration":0.4502949999999828,"failureMessages":[],"meta":{}},{"ancestorTitles":["CRUD Helpers (lib/supabase.ts)","isSupabaseConfigured"],"fullName":"CRUD Helpers (lib/supabase.ts) isSupabaseConfigured should return true when environment variables are set","status":"passed","title":"should return true when environment variables are set","duration":0.20265100000005987,"failureMessages":[],"meta":{}}],"startTime":1772209801590,"endTime":1772209801628.2026,"status":"passed","message":"","name":"/opt/build/repo/tests/supabase-crud.test.ts"},{"assertionResults":[{"ancestorTitles":["User Permissions","getAllowedRoutes"],"fullName":"User Permissions getAllowedRoutes should return empty array for admin users (meaning all routes allowed)","status":"passed","title":"should return empty array for admin users (meaning all routes allowed)","duration":1.2292410000000018,"failureMessages":[],"meta":{}},{"ancestorTitles":["User Permissions","getAllowedRoutes"],"fullName":"User Permissions getAllowedRoutes should return empty array for Super Admin","status":"passed","title":"should return empty array for Super Admin","duration":0.14566600000000562,"failureMessages":[],"meta":{}},{"ancestorTitles":["User Permissions","getAllowedRoutes"],"fullName":"User Permissions getAllowedRoutes should return strictly limited routes for Rider role","status":"passed","title":"should return strictly limited routes for Rider role","duration":0.9478940000000193,"failureMessages":[],"meta":{}},{"ancestorTitles":["User Permissions","getAllowedRoutes"],"fullName":"User Permissions getAllowedRoutes should return strictly limited routes for Driver role","status":"passed","title":"should return strictly limited routes for Driver role","duration":0.40045600000007653,"failureMessages":[],"meta":{}},{"ancestorTitles":["User Permissions","getAllowedRoutes"],"fullName":"User Permissions getAllowedRoutes should return Baker default routes plus permission-based routes","status":"passed","title":"should return Baker default routes plus permission-based routes","duration":5.531573999999978,"failureMessages":[],"meta":{}},{"ancestorTitles":["User Permissions","getAllowedRoutes"],"fullName":"User Permissions getAllowedRoutes should return Cashier default routes","status":"passed","title":"should return Cashier default routes","duration":0.22543999999993503,"failureMessages":[],"meta":{}},{"ancestorTitles":["User Permissions","getAllowedRoutes"],"fullName":"User Permissions getAllowedRoutes should return Sales default routes","status":"passed","title":"should return Sales default routes","duration":0.15612099999998463,"failureMessages":[],"meta":{}},{"ancestorTitles":["User Permissions","getAllowedRoutes"],"fullName":"User Permissions getAllowedRoutes should return minimal routes for Viewer role","status":"passed","title":"should return minimal routes for Viewer role","duration":0.20595800000000963,"failureMessages":[],"meta":{}},{"ancestorTitles":["User Permissions","getAllowedRoutes"],"fullName":"User Permissions getAllowedRoutes should always include /admin/account and /admin/documentation","status":"passed","title":"should always include /admin/account and /admin/documentation","duration":23.02243400000009,"failureMessages":[],"meta":{}},{"ancestorTitles":["User Permissions","getAllowedRoutes"],"fullName":"User Permissions getAllowedRoutes should add outlet routes for outlet admin","status":"passed","title":"should add outlet routes for outlet admin","duration":0.3707519999999249,"failureMessages":[],"meta":{}},{"ancestorTitles":["User Permissions","getAllowedRoutes"],"fullName":"User Permissions getAllowedRoutes should deduplicate routes","status":"passed","title":"should deduplicate routes","duration":0.16609600000003866,"failureMessages":[],"meta":{}},{"ancestorTitles":["User Permissions","getAllowedRoutes"],"fullName":"User Permissions getAllowedRoutes should map permission \"Manage Finance\" to finance routes","status":"passed","title":"should map permission \"Manage Finance\" to finance routes","duration":0.14723500000002332,"failureMessages":[],"meta":{}},{"ancestorTitles":["User Permissions","getAllowedRoutes"],"fullName":"User Permissions getAllowedRoutes should map permission \"System Settings\" to settings routes","status":"passed","title":"should map permission \"System Settings\" to settings routes","duration":0.1078420000000051,"failureMessages":[],"meta":{}},{"ancestorTitles":["User Permissions","getAllowedRoutes"],"fullName":"User Permissions getAllowedRoutes should map permission \"Manage Recipes\" to production routes","status":"passed","title":"should map permission \"Manage Recipes\" to production routes","duration":0.1909449999999424,"failureMessages":[],"meta":{}},{"ancestorTitles":["User Permissions","getAllowedRoutes"],"fullName":"User Permissions getAllowedRoutes should map permission \"Manage Employees\" to HR routes","status":"passed","title":"should map permission \"Manage Employees\" to HR routes","duration":0.08270099999992908,"failureMessages":[],"meta":{}},{"ancestorTitles":["User Permissions","isRouteAllowed"],"fullName":"User Permissions isRouteAllowed should always return true for admin users","status":"passed","title":"should always return true for admin users","duration":0.11930799999993269,"failureMessages":[],"meta":{}},{"ancestorTitles":["User Permissions","isRouteAllowed"],"fullName":"User Permissions isRouteAllowed should return true for allowed routes","status":"passed","title":"should return true for allowed routes","duration":0.07780300000001716,"failureMessages":[],"meta":{}},{"ancestorTitles":["User Permissions","isRouteAllowed"],"fullName":"User Permissions isRouteAllowed should return true for routes covered by /admin prefix in Cashier defaults","status":"passed","title":"should return true for routes covered by /admin prefix in Cashier defaults","duration":0.0640250000000151,"failureMessages":[],"meta":{}},{"ancestorTitles":["User Permissions","isRouteAllowed"],"fullName":"User Permissions isRouteAllowed should return true for account page for all roles","status":"passed","title":"should return true for account page for all roles","duration":0.1857799999999088,"failureMessages":[],"meta":{}},{"ancestorTitles":["User Permissions","isRouteAllowed"],"fullName":"User Permissions isRouteAllowed should handle sub-routes (prefix matching)","status":"passed","title":"should handle sub-routes (prefix matching)","duration":0.06041799999991326,"failureMessages":[],"meta":{}},{"ancestorTitles":["User Permissions","isRouteAllowed"],"fullName":"User Permissions isRouteAllowed should allow Driver access to delivery and default routes","status":"passed","title":"should allow Driver access to delivery and default routes","duration":0.08019899999999325,"failureMessages":[],"meta":{}},{"ancestorTitles":["User Permissions","isRouteAllowed"],"fullName":"User Permissions isRouteAllowed should allow outlet admin routes when user is outlet admin","status":"passed","title":"should allow outlet admin routes when user is outlet admin","duration":0.05558900000005451,"failureMessages":[],"meta":{}},{"ancestorTitles":["User Permissions","isRouteAllowed"],"fullName":"User Permissions isRouteAllowed should deny outlet routes when user is not outlet admin","status":"passed","title":"should deny outlet routes when user is not outlet admin","duration":0.0364519999999402,"failureMessages":[],"meta":{}}],"startTime":1772209801667,"endTime":1772209801702.0557,"status":"passed","message":"","name":"/opt/build/repo/tests/user-permissions.test.ts"},{"assertionResults":[{"ancestorTitles":["Utils","cn (className merger)"],"fullName":"Utils cn (className merger) should merge class names","status":"passed","title":"should merge class names","duration":4.747736000000032,"failureMessages":[],"meta":{}},{"ancestorTitles":["Utils","cn (className merger)"],"fullName":"Utils cn (className merger) should handle conditional classes","status":"passed","title":"should handle conditional classes","duration":0.21765700000003108,"failureMessages":[],"meta":{}},{"ancestorTitles":["Utils","cn (className merger)"],"fullName":"Utils cn (className merger) should remove conflicting Tailwind classes (last wins)","status":"passed","title":"should remove conflicting Tailwind classes (last wins)","duration":0.2596690000000308,"failureMessages":[],"meta":{}},{"ancestorTitles":["Utils","cn (className merger)"],"fullName":"Utils cn (className merger) should handle falsy values","status":"passed","title":"should handle falsy values","duration":0.23785499999996773,"failureMessages":[],"meta":{}},{"ancestorTitles":["Utils","cn (className merger)"],"fullName":"Utils cn (className merger) should handle empty input","status":"passed","title":"should handle empty input","duration":0.11149699999998575,"failureMessages":[],"meta":{}},{"ancestorTitles":["Utils","cn (className merger)"],"fullName":"Utils cn (className merger) should handle arrays of class names","status":"passed","title":"should handle arrays of class names","duration":0.20520199999998567,"failureMessages":[],"meta":{}},{"ancestorTitles":["Utils","cn (className merger)"],"fullName":"Utils cn (className merger) should merge padding classes correctly","status":"passed","title":"should merge padding classes correctly","duration":0.14107799999999315,"failureMessages":[],"meta":{}},{"ancestorTitles":["Utils","cn (className merger)"],"fullName":"Utils cn (className merger) should handle complex conditional patterns","status":"passed","title":"should handle complex conditional patterns","duration":0.20176499999990938,"failureMessages":[],"meta":{}}],"startTime":1772209803039,"endTime":1772209803045.2017,"status":"passed","message":"","name":"/opt/build/repo/tests/utils.test.ts"}]}